{"E:\\Monash-Learning-Materials\\2021-S1\\FIT4002\\FIT4002-api\\src\\configs\\config.ts": {"path":"E:\\Monash-Learning-Materials\\2021-S1\\FIT4002\\FIT4002-api\\src\\configs\\config.ts","statementMap":{"0":{"start":{"line":1,"column":0},"end":{"line":1,"column":28}},"1":{"start":{"line":2,"column":0},"end":{"line":2,"column":24}},"2":{"start":{"line":3,"column":12},"end":{"line":3,"column":23}},"3":{"start":{"line":4,"column":0},"end":{"line":18,"column":null}},"4":{"start":{"line":6,"column":4},"end":{"line":6,"column":72}},"5":{"start":{"line":7,"column":4},"end":{"line":7,"column":10}},"6":{"start":{"line":10,"column":4},"end":{"line":10,"column":71}},"7":{"start":{"line":11,"column":4},"end":{"line":11,"column":10}},"8":{"start":{"line":14,"column":4},"end":{"line":14,"column":72}},"9":{"start":{"line":15,"column":4},"end":{"line":15,"column":10}},"10":{"start":{"line":31,"column":13},"end":{"line":41,"column":2}},"11":{"start":{"line":42,"column":0},"end":{"line":42,"column":34}},"12":{"start":{"line":43,"column":0},"end":{"line":43,"column":20}}},"fnMap":{},"branchMap":{"0":{"loc":{"start":{"line":5,"column":2},"end":{"line":7,"column":10}},"type":"switch","locations":[{"start":{"line":5,"column":2},"end":{"line":7,"column":10}},{"start":{"line":8,"column":2},"end":{"line":8,"column":21}},{"start":{"line":9,"column":2},"end":{"line":11,"column":10}},{"start":{"line":12,"column":2},"end":{"line":12,"column":20}},{"start":{"line":13,"column":2},"end":{"line":15,"column":10}}]},"1":{"loc":{"start":{"line":32,"column":8},"end":{"line":32,"column":16}},"type":"binary-expr","locations":[{"start":{"line":32,"column":8},"end":{"line":32,"column":16}},{"start":{"line":32,"column":20},"end":{"line":32,"column":31}}]},"2":{"loc":{"start":{"line":33,"column":11},"end":{"line":33,"column":22}},"type":"binary-expr","locations":[{"start":{"line":33,"column":11},"end":{"line":33,"column":22}},{"start":{"line":33,"column":26},"end":{"line":33,"column":37}}]},"3":{"loc":{"start":{"line":34,"column":25},"end":{"line":34,"column":46}},"type":"cond-expr","locations":[{"start":{"line":34,"column":25},"end":{"line":34,"column":46}},{"start":{"line":34,"column":49},"end":{"line":34,"column":53}}]},"4":{"loc":{"start":{"line":35,"column":11},"end":{"line":35,"column":22}},"type":"binary-expr","locations":[{"start":{"line":35,"column":11},"end":{"line":35,"column":22}},{"start":{"line":35,"column":26},"end":{"line":35,"column":36}}]},"5":{"loc":{"start":{"line":36,"column":15},"end":{"line":36,"column":30}},"type":"binary-expr","locations":[{"start":{"line":36,"column":15},"end":{"line":36,"column":30}},{"start":{"line":36,"column":34},"end":{"line":36,"column":44}}]},"6":{"loc":{"start":{"line":37,"column":15},"end":{"line":37,"column":30}},"type":"binary-expr","locations":[{"start":{"line":37,"column":15},"end":{"line":37,"column":30}},{"start":{"line":37,"column":34},"end":{"line":37,"column":44}}]},"7":{"loc":{"start":{"line":38,"column":36},"end":{"line":38,"column":40}},"type":"cond-expr","locations":[{"start":{"line":38,"column":36},"end":{"line":38,"column":40}},{"start":{"line":38,"column":43},"end":{"line":38,"column":48}}]},"8":{"loc":{"start":{"line":39,"column":36},"end":{"line":39,"column":40}},"type":"cond-expr","locations":[{"start":{"line":39,"column":36},"end":{"line":39,"column":40}},{"start":{"line":39,"column":43},"end":{"line":39,"column":48}}]},"9":{"loc":{"start":{"line":40,"column":17},"end":{"line":40,"column":34}},"type":"binary-expr","locations":[{"start":{"line":40,"column":17},"end":{"line":40,"column":34}},{"start":{"line":40,"column":38},"end":{"line":40,"column":61}}]}},"s":{"0":1,"1":1,"2":1,"3":1,"4":1,"5":1,"6":0,"7":0,"8":0,"9":0,"10":1,"11":1,"12":1},"f":{},"b":{"0":[1,0,0,0,0],"1":[1,0],"2":[1,0],"3":[1,0],"4":[1,0],"5":[1,0],"6":[1,0],"7":[1,0],"8":[0,1],"9":[1,0]}}
,"E:\\Monash-Learning-Materials\\2021-S1\\FIT4002\\FIT4002-api\\src\\configs\\ormconfig.ts": {"path":"E:\\Monash-Learning-Materials\\2021-S1\\FIT4002\\FIT4002-api\\src\\configs\\ormconfig.ts","statementMap":{"0":{"start":{"line":1,"column":0},"end":{"line":1,"column":34}},"1":{"start":{"line":3,"column":0},"end":{"line":3,"column":34}},"2":{"start":{"line":6,"column":19},"end":{"line":6,"column":58}},"3":{"start":{"line":7,"column":0},"end":{"line":7,"column":73}},"4":{"start":{"line":8,"column":0},"end":{"line":29,"column":23}}},"fnMap":{},"branchMap":{"0":{"loc":{"start":{"line":10,"column":8},"end":{"line":10,"column":22}},"type":"binary-expr","locations":[{"start":{"line":10,"column":8},"end":{"line":10,"column":22}},{"start":{"line":10,"column":26},"end":{"line":10,"column":37}}]},"1":{"loc":{"start":{"line":11,"column":8},"end":{"line":11,"column":22}},"type":"binary-expr","locations":[{"start":{"line":11,"column":8},"end":{"line":11,"column":22}},{"start":{"line":11,"column":26},"end":{"line":11,"column":30}}]},"2":{"loc":{"start":{"line":12,"column":12},"end":{"line":12,"column":30}},"type":"binary-expr","locations":[{"start":{"line":12,"column":12},"end":{"line":12,"column":30}},{"start":{"line":12,"column":34},"end":{"line":12,"column":44}}]},"3":{"loc":{"start":{"line":13,"column":12},"end":{"line":13,"column":30}},"type":"binary-expr","locations":[{"start":{"line":13,"column":12},"end":{"line":13,"column":30}},{"start":{"line":13,"column":34},"end":{"line":13,"column":44}}]},"4":{"loc":{"start":{"line":14,"column":12},"end":{"line":14,"column":26}},"type":"binary-expr","locations":[{"start":{"line":14,"column":12},"end":{"line":14,"column":26}},{"start":{"line":14,"column":30},"end":{"line":14,"column":40}}]},"5":{"loc":{"start":{"line":15,"column":15},"end":{"line":15,"column":29}},"type":"binary-expr","locations":[{"start":{"line":15,"column":15},"end":{"line":15,"column":29}},{"start":{"line":15,"column":33},"end":{"line":15,"column":38}}]},"6":{"loc":{"start":{"line":16,"column":11},"end":{"line":16,"column":25}},"type":"binary-expr","locations":[{"start":{"line":16,"column":11},"end":{"line":16,"column":25}},{"start":{"line":16,"column":29},"end":{"line":16,"column":34}}]}},"s":{"0":1,"1":1,"2":1,"3":1,"4":1},"f":{},"b":{"0":[1,0],"1":[1,0],"2":[1,0],"3":[1,0],"4":[1,0],"5":[1,0],"6":[1,1]}}
,"E:\\Monash-Learning-Materials\\2021-S1\\FIT4002\\FIT4002-api\\src\\helpers\\testConnection.ts": {"path":"E:\\Monash-Learning-Materials\\2021-S1\\FIT4002\\FIT4002-api\\src\\helpers\\testConnection.ts","statementMap":{"0":{"start":{"line":1,"column":0},"end":{"line":1,"column":null}},"1":{"start":{"line":7,"column":0},"end":{"line":7,"column":47}},"2":{"start":{"line":8,"column":0},"end":{"line":8,"column":44}},"3":{"start":{"line":10,"column":12},"end":{"line":10,"column":23}},"4":{"start":{"line":11,"column":0},"end":{"line":13,"column":null}},"5":{"start":{"line":12,"column":2},"end":{"line":12,"column":65}},"6":{"start":{"line":14,"column":19},"end":{"line":157,"column":2}},"7":{"start":{"line":18,"column":4},"end":{"line":20,"column":18}},"8":{"start":{"line":19,"column":6},"end":{"line":19,"column":35}},"9":{"start":{"line":22,"column":4},"end":{"line":34,"column":null}},"10":{"start":{"line":23,"column":6},"end":{"line":29,"column":null}},"11":{"start":{"line":24,"column":8},"end":{"line":26,"column":null}},"12":{"start":{"line":25,"column":10},"end":{"line":25,"column":44}},"13":{"start":{"line":28,"column":8},"end":{"line":28,"column":74}},"14":{"start":{"line":30,"column":6},"end":{"line":30,"column":57}},"15":{"start":{"line":32,"column":6},"end":{"line":32,"column":62}},"16":{"start":{"line":33,"column":6},"end":{"line":33,"column":14}},"17":{"start":{"line":38,"column":4},"end":{"line":38,"column":34}},"18":{"start":{"line":42,"column":23},"end":{"line":42,"column":38}},"19":{"start":{"line":43,"column":21},"end":{"line":43,"column":47}},"20":{"start":{"line":45,"column":4},"end":{"line":48,"column":7}},"21":{"start":{"line":45,"column":38},"end":{"line":48,"column":6}},"22":{"start":{"line":46,"column":25},"end":{"line":46,"column":62}},"23":{"start":{"line":47,"column":6},"end":{"line":47,"column":75}},"24":{"start":{"line":52,"column":4},"end":{"line":52,"column":20}},"25":{"start":{"line":53,"column":17},"end":{"line":65,"column":6}},"26":{"start":{"line":67,"column":17},"end":{"line":79,"column":6}},"27":{"start":{"line":81,"column":4},"end":{"line":81,"column":33}},"28":{"start":{"line":83,"column":17},"end":{"line":83,"column":45}},"29":{"start":{"line":84,"column":17},"end":{"line":84,"column":45}},"30":{"start":{"line":85,"column":17},"end":{"line":85,"column":50}},"31":{"start":{"line":87,"column":4},"end":{"line":87,"column":39}},"32":{"start":{"line":89,"column":16},"end":{"line":98,"column":6}},"33":{"start":{"line":100,"column":16},"end":{"line":109,"column":6}},"34":{"start":{"line":111,"column":16},"end":{"line":119,"column":6}},"35":{"start":{"line":121,"column":16},"end":{"line":128,"column":6}},"36":{"start":{"line":130,"column":4},"end":{"line":130,"column":40}},"37":{"start":{"line":132,"column":45},"end":{"line":153,"column":6}},"38":{"start":{"line":154,"column":19},"end":{"line":154,"column":57}},"39":{"start":{"line":154,"column":41},"end":{"line":154,"column":56}},"40":{"start":{"line":155,"column":4},"end":{"line":155,"column":29}},"41":{"start":{"line":159,"column":9},"end":{"line":159,"column":19}}},"fnMap":{"0":{"name":"(anonymous_8)","decl":{"start":{"line":15,"column":8},"end":{"line":15,"column":14}},"loc":{"start":{"line":15,"column":14},"end":{"line":35,"column":null}}},"1":{"name":"(anonymous_10)","decl":{"start":{"line":37,"column":8},"end":{"line":37,"column":13}},"loc":{"start":{"line":37,"column":13},"end":{"line":39,"column":null}}},"2":{"name":"(anonymous_12)","decl":{"start":{"line":41,"column":8},"end":{"line":41,"column":13}},"loc":{"start":{"line":41,"column":13},"end":{"line":49,"column":null}}},"3":{"name":"(anonymous_14)","decl":{"start":{"line":45,"column":21},"end":{"line":45,"column":28}},"loc":{"start":{"line":45,"column":38},"end":{"line":48,"column":6}}},"4":{"name":"(anonymous_15)","decl":{"start":{"line":45,"column":38},"end":{"line":45,"column":null}},"loc":{"start":{"line":45,"column":38},"end":{"line":48,"column":5}}},"5":{"name":"(anonymous_16)","decl":{"start":{"line":51,"column":8},"end":{"line":51,"column":22}},"loc":{"start":{"line":51,"column":22},"end":{"line":156,"column":null}}},"6":{"name":"(anonymous_18)","decl":{"start":{"line":154,"column":34},"end":{"line":154,"column":35}},"loc":{"start":{"line":154,"column":41},"end":{"line":154,"column":56}}}},"branchMap":{"0":{"loc":{"start":{"line":11,"column":0},"end":{"line":13,"column":null}},"type":"if","locations":[{"start":{"line":11,"column":0},"end":{"line":13,"column":null}},{"start":{"line":11,"column":0},"end":{"line":13,"column":null}}]},"1":{"loc":{"start":{"line":23,"column":6},"end":{"line":29,"column":null}},"type":"if","locations":[{"start":{"line":23,"column":6},"end":{"line":29,"column":null}},{"start":{"line":23,"column":6},"end":{"line":29,"column":null}}]},"2":{"loc":{"start":{"line":24,"column":8},"end":{"line":26,"column":null}},"type":"if","locations":[{"start":{"line":24,"column":8},"end":{"line":26,"column":null}},{"start":{"line":24,"column":8},"end":{"line":26,"column":null}}]}},"s":{"0":1,"1":1,"2":1,"3":1,"4":1,"5":0,"6":1,"7":1,"8":1,"9":1,"10":1,"11":0,"12":0,"13":1,"14":0,"15":0,"16":0,"17":0,"18":0,"19":0,"20":0,"21":0,"22":0,"23":0,"24":1,"25":1,"26":1,"27":1,"28":1,"29":1,"30":1,"31":1,"32":1,"33":1,"34":1,"35":1,"36":1,"37":1,"38":1,"39":5,"40":1,"41":1},"f":{"0":1,"1":0,"2":0,"3":0,"4":0,"5":1,"6":5},"b":{"0":[0,1],"1":[0,1],"2":[0,0]}}
,"E:\\Monash-Learning-Materials\\2021-S1\\FIT4002\\FIT4002-api\\src\\models\\Ad.ts": {"path":"E:\\Monash-Learning-Materials\\2021-S1\\FIT4002\\FIT4002-api\\src\\models\\Ad.ts","statementMap":{"0":{"start":{"line":1,"column":0},"end":{"line":1,"column":null}},"1":{"start":{"line":12,"column":0},"end":{"line":12,"column":31}},"2":{"start":{"line":16,"column":0},"end":{"line":66,"column":null}},"3":{"start":{"line":57,"column":4},"end":{"line":57,"column":29}},"4":{"start":{"line":57,"column":22},"end":{"line":57,"column":29}},"5":{"start":{"line":61,"column":4},"end":{"line":61,"column":54}},"6":{"start":{"line":61,"column":43},"end":{"line":61,"column":52}},"7":{"start":{"line":64,"column":4},"end":{"line":64,"column":23}},"8":{"start":{"line":18,"column":2},"end":{"line":18,"column":null}},"9":{"start":{"line":22,"column":2},"end":{"line":22,"column":null}},"10":{"start":{"line":20,"column":19},"end":{"line":20,"column":22}},"11":{"start":{"line":20,"column":33},"end":{"line":20,"column":40}},"12":{"start":{"line":25,"column":2},"end":{"line":25,"column":null}},"13":{"start":{"line":30,"column":2},"end":{"line":30,"column":null}},"14":{"start":{"line":28,"column":19},"end":{"line":28,"column":38}},"15":{"start":{"line":33,"column":2},"end":{"line":33,"column":null}},"16":{"start":{"line":36,"column":2},"end":{"line":36,"column":null}},"17":{"start":{"line":39,"column":2},"end":{"line":39,"column":null}},"18":{"start":{"line":42,"column":2},"end":{"line":42,"column":null}},"19":{"start":{"line":45,"column":2},"end":{"line":45,"column":null}},"20":{"start":{"line":48,"column":2},"end":{"line":48,"column":null}},"21":{"start":{"line":51,"column":2},"end":{"line":51,"column":null}},"22":{"start":{"line":50,"column":19},"end":{"line":50,"column":24}},"23":{"start":{"line":50,"column":39},"end":{"line":50,"column":49}},"24":{"start":{"line":56,"column":2},"end":{"line":65,"column":null}},"25":{"start":{"line":16,"column":13},"end":{"line":66,"column":null}},"26":{"start":{"line":16,"column":13},"end":{"line":16,"column":15}}},"fnMap":{"0":{"name":"(anonymous_2)","decl":{"start":{"line":56,"column":10},"end":{"line":56,"column":17}},"loc":{"start":{"line":56,"column":17},"end":{"line":65,"column":3}}},"1":{"name":"(anonymous_3)","decl":{"start":{"line":61,"column":32},"end":{"line":61,"column":33}},"loc":{"start":{"line":61,"column":43},"end":{"line":61,"column":52}}},"2":{"name":"(anonymous_4)","decl":{"start":{"line":20,"column":13},"end":{"line":20,"column":16}},"loc":{"start":{"line":20,"column":19},"end":{"line":20,"column":22}}},"3":{"name":"(anonymous_5)","decl":{"start":{"line":20,"column":24},"end":{"line":20,"column":25}},"loc":{"start":{"line":20,"column":33},"end":{"line":20,"column":40}}},"4":{"name":"(anonymous_6)","decl":{"start":{"line":28,"column":13},"end":{"line":28,"column":16}},"loc":{"start":{"line":28,"column":19},"end":{"line":28,"column":38}}},"5":{"name":"(anonymous_7)","decl":{"start":{"line":50,"column":13},"end":{"line":50,"column":16}},"loc":{"start":{"line":50,"column":19},"end":{"line":50,"column":24}}},"6":{"name":"(anonymous_8)","decl":{"start":{"line":50,"column":26},"end":{"line":50,"column":27}},"loc":{"start":{"line":50,"column":39},"end":{"line":50,"column":49}}}},"branchMap":{"0":{"loc":{"start":{"line":57,"column":4},"end":{"line":57,"column":29}},"type":"if","locations":[{"start":{"line":57,"column":4},"end":{"line":57,"column":29}},{"start":{"line":57,"column":4},"end":{"line":57,"column":29}}]}},"s":{"0":1,"1":1,"2":1,"3":0,"4":0,"5":0,"6":0,"7":0,"8":1,"9":1,"10":1,"11":1,"12":1,"13":1,"14":3,"15":1,"16":1,"17":1,"18":1,"19":1,"20":1,"21":1,"22":1,"23":1,"24":1,"25":1,"26":1},"f":{"0":0,"1":0,"2":1,"3":1,"4":3,"5":1,"6":1},"b":{"0":[0,0]}}
,"E:\\Monash-Learning-Materials\\2021-S1\\FIT4002\\FIT4002-api\\src\\models\\AdTag.ts": {"path":"E:\\Monash-Learning-Materials\\2021-S1\\FIT4002\\FIT4002-api\\src\\models\\AdTag.ts","statementMap":{"0":{"start":{"line":1,"column":0},"end":{"line":1,"column":null}},"1":{"start":{"line":8,"column":0},"end":{"line":8,"column":28}},"2":{"start":{"line":12,"column":0},"end":{"line":26,"column":null}},"3":{"start":{"line":14,"column":2},"end":{"line":14,"column":null}},"4":{"start":{"line":17,"column":2},"end":{"line":17,"column":null}},"5":{"start":{"line":21,"column":2},"end":{"line":21,"column":null}},"6":{"start":{"line":19,"column":19},"end":{"line":19,"column":21}},"7":{"start":{"line":19,"column":31},"end":{"line":19,"column":40}},"8":{"start":{"line":25,"column":2},"end":{"line":25,"column":null}},"9":{"start":{"line":23,"column":19},"end":{"line":23,"column":22}},"10":{"start":{"line":23,"column":33},"end":{"line":23,"column":43}},"11":{"start":{"line":12,"column":13},"end":{"line":26,"column":null}},"12":{"start":{"line":12,"column":13},"end":{"line":12,"column":18}}},"fnMap":{"0":{"name":"(anonymous_2)","decl":{"start":{"line":19,"column":13},"end":{"line":19,"column":16}},"loc":{"start":{"line":19,"column":19},"end":{"line":19,"column":21}}},"1":{"name":"(anonymous_3)","decl":{"start":{"line":19,"column":23},"end":{"line":19,"column":24}},"loc":{"start":{"line":19,"column":31},"end":{"line":19,"column":40}}},"2":{"name":"(anonymous_4)","decl":{"start":{"line":23,"column":13},"end":{"line":23,"column":16}},"loc":{"start":{"line":23,"column":19},"end":{"line":23,"column":22}}},"3":{"name":"(anonymous_5)","decl":{"start":{"line":23,"column":24},"end":{"line":23,"column":25}},"loc":{"start":{"line":23,"column":33},"end":{"line":23,"column":43}}}},"branchMap":{},"s":{"0":1,"1":1,"2":1,"3":1,"4":1,"5":1,"6":1,"7":1,"8":1,"9":1,"10":1,"11":1,"12":1},"f":{"0":1,"1":1,"2":1,"3":1},"b":{}}
,"E:\\Monash-Learning-Materials\\2021-S1\\FIT4002\\FIT4002-api\\src\\models\\Bot.ts": {"path":"E:\\Monash-Learning-Materials\\2021-S1\\FIT4002\\FIT4002-api\\src\\models\\Bot.ts","statementMap":{"0":{"start":{"line":1,"column":0},"end":{"line":1,"column":null}},"1":{"start":{"line":9,"column":0},"end":{"line":9,"column":23}},"2":{"start":{"line":12,"column":0},"end":{"line":51,"column":null}},"3":{"start":{"line":14,"column":2},"end":{"line":14,"column":null}},"4":{"start":{"line":17,"column":2},"end":{"line":17,"column":null}},"5":{"start":{"line":20,"column":2},"end":{"line":20,"column":null}},"6":{"start":{"line":23,"column":2},"end":{"line":23,"column":null}},"7":{"start":{"line":26,"column":2},"end":{"line":26,"column":null}},"8":{"start":{"line":29,"column":2},"end":{"line":29,"column":null}},"9":{"start":{"line":32,"column":2},"end":{"line":32,"column":null}},"10":{"start":{"line":35,"column":2},"end":{"line":35,"column":null}},"11":{"start":{"line":38,"column":2},"end":{"line":38,"column":null}},"12":{"start":{"line":41,"column":2},"end":{"line":41,"column":null}},"13":{"start":{"line":44,"column":2},"end":{"line":44,"column":null}},"14":{"start":{"line":47,"column":2},"end":{"line":47,"column":null}},"15":{"start":{"line":50,"column":2},"end":{"line":50,"column":null}},"16":{"start":{"line":49,"column":19},"end":{"line":49,"column":21}},"17":{"start":{"line":49,"column":31},"end":{"line":49,"column":37}},"18":{"start":{"line":12,"column":13},"end":{"line":51,"column":null}},"19":{"start":{"line":12,"column":13},"end":{"line":12,"column":16}}},"fnMap":{"0":{"name":"(anonymous_2)","decl":{"start":{"line":49,"column":13},"end":{"line":49,"column":16}},"loc":{"start":{"line":49,"column":19},"end":{"line":49,"column":21}}},"1":{"name":"(anonymous_3)","decl":{"start":{"line":49,"column":23},"end":{"line":49,"column":24}},"loc":{"start":{"line":49,"column":31},"end":{"line":49,"column":37}}}},"branchMap":{},"s":{"0":1,"1":1,"2":1,"3":1,"4":1,"5":1,"6":1,"7":1,"8":1,"9":1,"10":1,"11":1,"12":1,"13":1,"14":1,"15":1,"16":1,"17":1,"18":1,"19":1},"f":{"0":1,"1":1},"b":{}}
,"E:\\Monash-Learning-Materials\\2021-S1\\FIT4002\\FIT4002-api\\src\\models\\Tag.ts": {"path":"E:\\Monash-Learning-Materials\\2021-S1\\FIT4002\\FIT4002-api\\src\\models\\Tag.ts","statementMap":{"0":{"start":{"line":1,"column":0},"end":{"line":1,"column":null}},"1":{"start":{"line":12,"column":0},"end":{"line":12,"column":26}},"2":{"start":{"line":17,"column":0},"end":{"line":61,"column":null}},"3":{"start":{"line":34,"column":4},"end":{"line":34,"column":29}},"4":{"start":{"line":34,"column":22},"end":{"line":34,"column":29}},"5":{"start":{"line":35,"column":4},"end":{"line":35,"column":52}},"6":{"start":{"line":35,"column":42},"end":{"line":35,"column":50}},"7":{"start":{"line":38,"column":4},"end":{"line":38,"column":23}},"8":{"start":{"line":39,"column":4},"end":{"line":39,"column":11}},"9":{"start":{"line":52,"column":16},"end":{"line":58,"column":null}},"10":{"start":{"line":19,"column":2},"end":{"line":19,"column":null}},"11":{"start":{"line":23,"column":2},"end":{"line":23,"column":null}},"12":{"start":{"line":26,"column":2},"end":{"line":26,"column":null}},"13":{"start":{"line":25,"column":19},"end":{"line":25,"column":24}},"14":{"start":{"line":25,"column":39},"end":{"line":25,"column":50}},"15":{"start":{"line":31,"column":2},"end":{"line":40,"column":null}},"16":{"start":{"line":17,"column":13},"end":{"line":61,"column":null}},"17":{"start":{"line":17,"column":13},"end":{"line":17,"column":16}}},"fnMap":{"0":{"name":"(anonymous_9)","decl":{"start":{"line":31,"column":10},"end":{"line":31,"column":16}},"loc":{"start":{"line":31,"column":16},"end":{"line":40,"column":3}}},"1":{"name":"(anonymous_10)","decl":{"start":{"line":35,"column":31},"end":{"line":35,"column":32}},"loc":{"start":{"line":35,"column":42},"end":{"line":35,"column":50}}},"2":{"name":"(anonymous_11)","decl":{"start":{"line":43,"column":16},"end":{"line":43,"column":38}},"loc":{"start":{"line":43,"column":38},"end":{"line":60,"column":null}}},"3":{"name":"(anonymous_13)","decl":{"start":{"line":25,"column":13},"end":{"line":25,"column":16}},"loc":{"start":{"line":25,"column":19},"end":{"line":25,"column":24}}},"4":{"name":"(anonymous_14)","decl":{"start":{"line":25,"column":26},"end":{"line":25,"column":27}},"loc":{"start":{"line":25,"column":39},"end":{"line":25,"column":50}}}},"branchMap":{"0":{"loc":{"start":{"line":34,"column":4},"end":{"line":34,"column":29}},"type":"if","locations":[{"start":{"line":34,"column":4},"end":{"line":34,"column":29}},{"start":{"line":34,"column":4},"end":{"line":34,"column":29}}]}},"s":{"0":1,"1":1,"2":1,"3":0,"4":0,"5":0,"6":0,"7":0,"8":0,"9":0,"10":1,"11":1,"12":1,"13":1,"14":1,"15":1,"16":1,"17":1},"f":{"0":0,"1":0,"2":0,"3":1,"4":1},"b":{"0":[0,0]}}
,"E:\\Monash-Learning-Materials\\2021-S1\\FIT4002\\FIT4002-api\\src\\models\\index.ts": {"path":"E:\\Monash-Learning-Materials\\2021-S1\\FIT4002\\FIT4002-api\\src\\models\\index.ts","statementMap":{"0":{"start":{"line":1,"column":0},"end":{"line":1,"column":22}},"1":{"start":{"line":2,"column":0},"end":{"line":2,"column":21}},"2":{"start":{"line":3,"column":0},"end":{"line":3,"column":24}},"3":{"start":{"line":4,"column":0},"end":{"line":4,"column":22}}},"fnMap":{},"branchMap":{},"s":{"0":1,"1":1,"2":1,"3":1},"f":{},"b":{}}
}
