TN:
SF:src\configs\config.ts
FNF:0
FNH:0
DA:1,1
DA:2,1
DA:3,1
DA:4,1
DA:6,1
DA:7,1
DA:10,0
DA:11,0
DA:14,0
DA:15,0
DA:31,1
DA:42,1
DA:43,1
LF:13
LH:9
BRDA:5,0,0,1
BRDA:5,0,1,0
BRDA:5,0,2,0
BRDA:5,0,3,0
BRDA:5,0,4,0
BRDA:32,1,0,1
BRDA:32,1,1,0
BRDA:33,2,0,1
BRDA:33,2,1,0
BRDA:34,3,0,1
BRDA:34,3,1,0
BRDA:35,4,0,1
BRDA:35,4,1,0
BRDA:36,5,0,1
BRDA:36,5,1,0
BRDA:37,6,0,1
BRDA:37,6,1,0
BRDA:38,7,0,1
BRDA:38,7,1,0
BRDA:39,8,0,0
BRDA:39,8,1,1
BRDA:40,9,0,1
BRDA:40,9,1,0
BRF:23
BRH:10
end_of_record
TN:
SF:src\configs\ormconfig.ts
FNF:0
FNH:0
DA:1,1
DA:3,1
DA:6,1
DA:7,1
DA:8,1
LF:5
LH:5
BRDA:10,0,0,1
BRDA:10,0,1,0
BRDA:11,1,0,1
BRDA:11,1,1,0
BRDA:12,2,0,1
BRDA:12,2,1,0
BRDA:13,3,0,1
BRDA:13,3,1,0
BRDA:14,4,0,1
BRDA:14,4,1,0
BRDA:15,5,0,1
BRDA:15,5,1,0
BRDA:16,6,0,1
BRDA:16,6,1,1
BRF:14
BRH:8
end_of_record
TN:
SF:src\helpers\testConnection.ts
FN:15,(anonymous_8)
FN:37,(anonymous_10)
FN:41,(anonymous_12)
FN:45,(anonymous_14)
FN:45,(anonymous_15)
FN:51,(anonymous_16)
FN:154,(anonymous_18)
FNF:7
FNH:3
FNDA:1,(anonymous_8)
FNDA:0,(anonymous_10)
FNDA:0,(anonymous_12)
FNDA:0,(anonymous_14)
FNDA:0,(anonymous_15)
FNDA:1,(anonymous_16)
FNDA:5,(anonymous_18)
DA:1,1
DA:7,1
DA:8,1
DA:10,1
DA:11,1
DA:12,0
DA:14,1
DA:18,1
DA:19,1
DA:22,1
DA:23,1
DA:24,0
DA:25,0
DA:28,1
DA:30,0
DA:32,0
DA:33,0
DA:38,0
DA:42,0
DA:43,0
DA:45,0
DA:46,0
DA:47,0
DA:52,1
DA:53,1
DA:67,1
DA:81,1
DA:83,1
DA:84,1
DA:85,1
DA:87,1
DA:89,1
DA:100,1
DA:111,1
DA:121,1
DA:130,1
DA:132,1
DA:154,5
DA:155,1
DA:159,1
LF:40
LH:28
BRDA:11,0,0,0
BRDA:11,0,1,1
BRDA:23,1,0,0
BRDA:23,1,1,1
BRDA:24,2,0,0
BRDA:24,2,1,0
BRF:6
BRH:2
end_of_record
TN:
SF:src\models\Ad.ts
FN:56,(anonymous_2)
FN:61,(anonymous_3)
FN:20,(anonymous_4)
FN:20,(anonymous_5)
FN:28,(anonymous_6)
FN:50,(anonymous_7)
FN:50,(anonymous_8)
FNF:7
FNH:5
FNDA:0,(anonymous_2)
FNDA:0,(anonymous_3)
FNDA:1,(anonymous_4)
FNDA:1,(anonymous_5)
FNDA:3,(anonymous_6)
FNDA:1,(anonymous_7)
FNDA:1,(anonymous_8)
DA:1,1
DA:12,1
DA:16,1
DA:18,1
DA:20,1
DA:22,1
DA:25,1
DA:28,3
DA:30,1
DA:33,1
DA:36,1
DA:39,1
DA:42,1
DA:45,1
DA:48,1
DA:50,1
DA:51,1
DA:56,1
DA:57,0
DA:61,0
DA:64,0
LF:21
LH:18
BRDA:57,0,0,0
BRDA:57,0,1,0
BRF:2
BRH:0
end_of_record
TN:
SF:src\models\AdTag.ts
FN:19,(anonymous_2)
FN:19,(anonymous_3)
FN:23,(anonymous_4)
FN:23,(anonymous_5)
FNF:4
FNH:4
FNDA:1,(anonymous_2)
FNDA:1,(anonymous_3)
FNDA:1,(anonymous_4)
FNDA:1,(anonymous_5)
DA:1,1
DA:8,1
DA:12,1
DA:14,1
DA:17,1
DA:19,1
DA:21,1
DA:23,1
DA:25,1
LF:9
LH:9
BRF:0
BRH:0
end_of_record
TN:
SF:src\models\Bot.ts
FN:49,(anonymous_2)
FN:49,(anonymous_3)
FNF:2
FNH:2
FNDA:1,(anonymous_2)
FNDA:1,(anonymous_3)
DA:1,1
DA:9,1
DA:12,1
DA:14,1
DA:17,1
DA:20,1
DA:23,1
DA:26,1
DA:29,1
DA:32,1
DA:35,1
DA:38,1
DA:41,1
DA:44,1
DA:47,1
DA:49,1
DA:50,1
LF:17
LH:17
BRF:0
BRH:0
end_of_record
TN:
SF:src\models\Tag.ts
FN:31,(anonymous_9)
FN:35,(anonymous_10)
FN:43,(anonymous_11)
FN:25,(anonymous_13)
FN:25,(anonymous_14)
FNF:5
FNH:2
FNDA:0,(anonymous_9)
FNDA:0,(anonymous_10)
FNDA:0,(anonymous_11)
FNDA:1,(anonymous_13)
FNDA:1,(anonymous_14)
DA:1,1
DA:12,1
DA:17,1
DA:19,1
DA:23,1
DA:25,1
DA:26,1
DA:31,1
DA:34,0
DA:35,0
DA:38,0
DA:39,0
DA:52,0
LF:13
LH:8
BRDA:34,0,0,0
BRDA:34,0,1,0
BRF:2
BRH:0
end_of_record
TN:
SF:src\models\index.ts
FNF:0
FNH:0
DA:1,1
DA:2,1
DA:3,1
DA:4,1
LF:4
LH:4
BRF:0
BRH:0
end_of_record
